This file contains any messages produced by compilers while
running configure, to aid debugging if configure makes a mistake.

It was created by libva configure 1.1.1, which was
generated by GNU Autoconf 2.69.  Invocation command line was

  $ ./configure 

## --------- ##
## Platform. ##
## --------- ##

hostname = ns2
uname -m = i686
uname -r = 3.4.9-x86-smp
uname -s = Linux
uname -v = #1 SMP PREEMPT Sat Aug 18 16:18:05 SAST 2012

/usr/bin/uname -p = unknown
/bin/uname -X     = unknown

/bin/arch              = i686
/usr/bin/arch -k       = unknown
/usr/convex/getsysinfo = unknown
/usr/bin/hostinfo      = unknown
/bin/machine           = unknown
/usr/bin/oslevel       = unknown
/bin/universe          = unknown

PATH: /usr/lib/jvm/jdk-1.7.0_09//bin
PATH: /usr/local/sbin
PATH: /usr/sbin
PATH: /sbin
PATH: /usr/local/bin
PATH: /usr/bin
PATH: /bin
PATH: /usr/X11R7/bin
PATH: /opt/sophos/bin


## ----------- ##
## Core tests. ##
## ----------- ##

configure:2493: checking for a BSD-compatible install
configure:2561: result: /usr/bin/ginstall -c
configure:2572: checking whether build environment is sane
configure:2627: result: yes
configure:2778: checking for a thread-safe mkdir -p
configure:2817: result: /usr/bin/mkdir -p
configure:2824: checking for gawk
configure:2840: found /usr/bin/gawk
configure:2851: result: gawk
configure:2862: checking whether make sets $(MAKE)
configure:2884: result: yes
configure:2913: checking whether make supports nested variables
configure:2930: result: yes
configure:3028: checking whether make supports nested variables
configure:3045: result: yes
configure:3222: checking build system type
configure:3236: result: i686-pc-linux-gnu
configure:3256: checking host system type
configure:3269: result: i686-pc-linux-gnu
configure:3310: checking how to print strings
configure:3337: result: printf
configure:3370: checking for style of include used by make
configure:3398: result: GNU
configure:3469: checking for gcc
configure:3485: found /usr/bin/gcc
configure:3496: result: gcc
configure:3725: checking for C compiler version
configure:3734: gcc --version >&5
gcc (GCC) 4.8.1 20130530 (prerelease)
Copyright (C) 2013 Free Software Foundation, Inc.
This is free software; see the source for copying conditions.  There is NO
warranty; not even for MERCHANTABILITY or FITNESS FOR A PARTICULAR PURPOSE.

configure:3745: $? = 0
configure:3734: gcc -v >&5
Using built-in specs.
COLLECT_GCC=gcc
COLLECT_LTO_WRAPPER=/usr/libexec/gcc/i686-linux-gnu/4.8.1/lto-wrapper
Target: i686-linux-gnu
Configured with: ./../configure --prefix=/usr --sysconfdir=/etc/ --mandir=/usr/share/man --localstatedir=/var --infodir=/usr/share/info --libdir=/usr/lib --host=i686-linux-gnu --build=i686-linux-gnu --with-ecj-jar=/usr/share/java/ecj-3.5.2.jar --enable-lto --enable-cloog-backend=isl --enable-java-home --with-system-zlib --target=i686-linux-gnu --with-sysroot=/ --with-jvm-root-dir=/usr/lib/jvm/gcj-jdk --enable-languages=c,c++,fortran,java,lto,objc,obj-c++,go,ada
Thread model: posix
gcc version 4.8.1 20130530 (prerelease) (GCC) 
configure:3745: $? = 0
configure:3734: gcc -V >&5
gcc: error: unrecognized command line option '-V'
gcc: fatal error: no input files
compilation terminated.
configure:3745: $? = 1
configure:3734: gcc -qversion >&5
gcc: error: unrecognized command line option '-qversion'
gcc: fatal error: no input files
compilation terminated.
configure:3745: $? = 1
configure:3765: checking whether the C compiler works
configure:3787: gcc    conftest.c  >&5
configure:3791: $? = 0
configure:3839: result: yes
configure:3842: checking for C compiler default output file name
configure:3844: result: a.out
configure:3850: checking for suffix of executables
configure:3857: gcc -o conftest    conftest.c  >&5
configure:3861: $? = 0
configure:3883: result: 
configure:3905: checking whether we are cross compiling
configure:3913: gcc -o conftest    conftest.c  >&5
configure:3917: $? = 0
configure:3924: ./conftest
configure:3928: $? = 0
configure:3943: result: no
configure:3948: checking for suffix of object files
configure:3970: gcc -c   conftest.c >&5
configure:3974: $? = 0
configure:3995: result: o
configure:3999: checking whether we are using the GNU C compiler
configure:4018: gcc -c   conftest.c >&5
configure:4018: $? = 0
configure:4027: result: yes
configure:4036: checking whether gcc accepts -g
configure:4056: gcc -c -g  conftest.c >&5
configure:4056: $? = 0
configure:4097: result: yes
configure:4114: checking for gcc option to accept ISO C89
configure:4177: gcc  -c -g -O2  conftest.c >&5
configure:4177: $? = 0
configure:4190: result: none needed
configure:4212: checking dependency style of gcc
configure:4323: result: gcc3
configure:4338: checking for a sed that does not truncate output
configure:4402: result: /usr/bin/sed
configure:4420: checking for grep that handles long lines and -e
configure:4478: result: /usr/bin/grep
configure:4483: checking for egrep
configure:4545: result: /usr/bin/grep -E
configure:4550: checking for fgrep
configure:4612: result: /usr/bin/grep -F
configure:4647: checking for ld used by gcc
configure:4714: result: /usr/i686-linux-gnu/bin/ld
configure:4721: checking if the linker (/usr/i686-linux-gnu/bin/ld) is GNU ld
configure:4736: result: yes
configure:4748: checking for BSD- or MS-compatible name lister (nm)
configure:4797: result: /usr/bin/nm -B
configure:4927: checking the name lister (/usr/bin/nm -B) interface
configure:4934: gcc -c -g -O2  conftest.c >&5
configure:4937: /usr/bin/nm -B "conftest.o"
configure:4940: output
00000000 B some_variable
configure:4947: result: BSD nm
configure:4950: checking whether ln -s works
configure:4954: result: yes
configure:4962: checking the maximum length of command line arguments
configure:5092: result: 1572864
configure:5109: checking whether the shell understands some XSI constructs
configure:5119: result: yes
configure:5123: checking whether the shell understands "+="
configure:5129: result: yes
configure:5164: checking how to convert i686-pc-linux-gnu file names to i686-pc-linux-gnu format
configure:5204: result: func_convert_file_noop
configure:5211: checking how to convert i686-pc-linux-gnu file names to toolchain format
configure:5231: result: func_convert_file_noop
configure:5238: checking for /usr/i686-linux-gnu/bin/ld option to reload object files
configure:5245: result: -r
configure:5319: checking for objdump
configure:5335: found /usr/bin/objdump
configure:5346: result: objdump
configure:5378: checking how to recognize dependent libraries
configure:5580: result: pass_all
configure:5665: checking for dlltool
configure:5695: result: no
configure:5725: checking how to associate runtime and link libraries
configure:5752: result: printf %s\n
configure:5813: checking for ar
configure:5829: found /usr/bin/ar
configure:5840: result: ar
configure:5877: checking for archiver @FILE support
configure:5894: gcc -c -g -O2  conftest.c >&5
configure:5894: $? = 0
configure:5897: ar cru libconftest.a @conftest.lst >&5
configure:5900: $? = 0
configure:5905: ar cru libconftest.a @conftest.lst >&5
ar: conftest.o: No such file or directory
configure:5908: $? = 1
configure:5920: result: @
configure:5978: checking for strip
configure:5994: found /usr/bin/strip
configure:6005: result: strip
configure:6077: checking for ranlib
configure:6093: found /usr/bin/ranlib
configure:6104: result: ranlib
configure:6206: checking command to parse /usr/bin/nm -B output from gcc object
configure:6326: gcc -c -g -O2  conftest.c >&5
configure:6329: $? = 0
configure:6333: /usr/bin/nm -B conftest.o \| sed -n -e 's/^.*[ ]\([ABCDGIRSTW][ABCDGIRSTW]*\)[ ][ ]*\([_A-Za-z][_A-Za-z0-9]*\)$/\1 \2 \2/p' | sed '/ __gnu_lto/d' \> conftest.nm
configure:6336: $? = 0
configure:6402: gcc -o conftest -g -O2   conftest.c conftstm.o >&5
configure:6405: $? = 0
configure:6443: result: ok
configure:6480: checking for sysroot
configure:6510: result: no
configure:6766: checking for mt
configure:6782: found /usr/bin/mt
configure:6793: result: mt
configure:6816: checking if mt is a manifest tool
configure:6822: mt '-?'
usage: mt [-v] [--version] [-h] [ -f device ] command [ count ]
configure:6830: result: no
configure:7472: checking how to run the C preprocessor
configure:7503: gcc -E  conftest.c
configure:7503: $? = 0
configure:7517: gcc -E  conftest.c
conftest.c:11:28: fatal error: ac_nonexistent.h: No such file or directory
 #include <ac_nonexistent.h>
                            ^
compilation terminated.
configure:7517: $? = 1
configure: failed program was:
| /* confdefs.h */
| #define PACKAGE_NAME "libva"
| #define PACKAGE_TARNAME "libva"
| #define PACKAGE_VERSION "1.1.1"
| #define PACKAGE_STRING "libva 1.1.1"
| #define PACKAGE_BUGREPORT "waldo.bastian@intel.com"
| #define PACKAGE_URL ""
| #define PACKAGE "libva"
| #define VERSION "1.1.1"
| /* end confdefs.h.  */
| #include <ac_nonexistent.h>
configure:7542: result: gcc -E
configure:7562: gcc -E  conftest.c
configure:7562: $? = 0
configure:7576: gcc -E  conftest.c
conftest.c:11:28: fatal error: ac_nonexistent.h: No such file or directory
 #include <ac_nonexistent.h>
                            ^
compilation terminated.
configure:7576: $? = 1
configure: failed program was:
| /* confdefs.h */
| #define PACKAGE_NAME "libva"
| #define PACKAGE_TARNAME "libva"
| #define PACKAGE_VERSION "1.1.1"
| #define PACKAGE_STRING "libva 1.1.1"
| #define PACKAGE_BUGREPORT "waldo.bastian@intel.com"
| #define PACKAGE_URL ""
| #define PACKAGE "libva"
| #define VERSION "1.1.1"
| /* end confdefs.h.  */
| #include <ac_nonexistent.h>
configure:7605: checking for ANSI C header files
configure:7625: gcc -c -g -O2  conftest.c >&5
configure:7625: $? = 0
configure:7698: gcc -o conftest -g -O2   conftest.c  >&5
configure:7698: $? = 0
configure:7698: ./conftest
configure:7698: $? = 0
configure:7709: result: yes
configure:7722: checking for sys/types.h
configure:7722: gcc -c -g -O2  conftest.c >&5
configure:7722: $? = 0
configure:7722: result: yes
configure:7722: checking for sys/stat.h
configure:7722: gcc -c -g -O2  conftest.c >&5
configure:7722: $? = 0
configure:7722: result: yes
configure:7722: checking for stdlib.h
configure:7722: gcc -c -g -O2  conftest.c >&5
configure:7722: $? = 0
configure:7722: result: yes
configure:7722: checking for string.h
configure:7722: gcc -c -g -O2  conftest.c >&5
configure:7722: $? = 0
configure:7722: result: yes
configure:7722: checking for memory.h
configure:7722: gcc -c -g -O2  conftest.c >&5
configure:7722: $? = 0
configure:7722: result: yes
configure:7722: checking for strings.h
configure:7722: gcc -c -g -O2  conftest.c >&5
configure:7722: $? = 0
configure:7722: result: yes
configure:7722: checking for inttypes.h
configure:7722: gcc -c -g -O2  conftest.c >&5
configure:7722: $? = 0
configure:7722: result: yes
configure:7722: checking for stdint.h
configure:7722: gcc -c -g -O2  conftest.c >&5
configure:7722: $? = 0
configure:7722: result: yes
configure:7722: checking for unistd.h
configure:7722: gcc -c -g -O2  conftest.c >&5
configure:7722: $? = 0
configure:7722: result: yes
configure:7736: checking for dlfcn.h
configure:7736: gcc -c -g -O2  conftest.c >&5
configure:7736: $? = 0
configure:7736: result: yes
configure:7912: checking for objdir
configure:7927: result: .libs
configure:8198: checking if gcc supports -fno-rtti -fno-exceptions
configure:8216: gcc -c -g -O2  -fno-rtti -fno-exceptions conftest.c >&5
cc1: warning: command line option '-fno-rtti' is valid for C++/ObjC++ but not for C [enabled by default]
configure:8220: $? = 0
configure:8233: result: no
configure:8560: checking for gcc option to produce PIC
configure:8567: result: -fPIC -DPIC
configure:8575: checking if gcc PIC flag -fPIC -DPIC works
configure:8593: gcc -c -g -O2  -fPIC -DPIC -DPIC conftest.c >&5
configure:8597: $? = 0
configure:8610: result: yes
configure:8639: checking if gcc static flag -static works
configure:8667: result: yes
configure:8682: checking if gcc supports -c -o file.o
configure:8703: gcc -c -g -O2  -o out/conftest2.o conftest.c >&5
configure:8707: $? = 0
configure:8729: result: yes
configure:8737: checking if gcc supports -c -o file.o
configure:8784: result: yes
configure:8817: checking whether the gcc linker (/usr/i686-linux-gnu/bin/ld) supports shared libraries
configure:9970: result: yes
configure:10007: checking whether -lc should be explicitly linked in
configure:10015: gcc -c -g -O2  conftest.c >&5
configure:10018: $? = 0
configure:10033: gcc -shared  -fPIC -DPIC conftest.o  -v -Wl,-soname -Wl,conftest -o conftest 2\>\&1 \| /usr/bin/grep  -lc  \>/dev/null 2\>\&1
configure:10036: $? = 0
configure:10050: result: no
configure:10210: checking dynamic linker characteristics
configure:10721: gcc -o conftest -g -O2   -Wl,-rpath -Wl,/foo conftest.c  >&5
configure:10721: $? = 0
configure:10943: result: GNU/Linux ld.so
configure:11050: checking how to hardcode library paths into programs
configure:11075: result: immediate
configure:11615: checking whether stripping libraries is possible
configure:11620: result: yes
configure:11655: checking if libtool supports shared libraries
configure:11657: result: yes
configure:11660: checking whether to build shared libraries
configure:11681: result: yes
configure:11684: checking whether to build static libraries
configure:11688: result: no
configure:11773: checking for gcc
configure:11800: result: gcc
configure:12029: checking for C compiler version
configure:12038: gcc --version >&5
gcc (GCC) 4.8.1 20130530 (prerelease)
Copyright (C) 2013 Free Software Foundation, Inc.
This is free software; see the source for copying conditions.  There is NO
warranty; not even for MERCHANTABILITY or FITNESS FOR A PARTICULAR PURPOSE.

configure:12049: $? = 0
configure:12038: gcc -v >&5
Using built-in specs.
COLLECT_GCC=gcc
COLLECT_LTO_WRAPPER=/usr/libexec/gcc/i686-linux-gnu/4.8.1/lto-wrapper
Target: i686-linux-gnu
Configured with: ./../configure --prefix=/usr --sysconfdir=/etc/ --mandir=/usr/share/man --localstatedir=/var --infodir=/usr/share/info --libdir=/usr/lib --host=i686-linux-gnu --build=i686-linux-gnu --with-ecj-jar=/usr/share/java/ecj-3.5.2.jar --enable-lto --enable-cloog-backend=isl --enable-java-home --with-system-zlib --target=i686-linux-gnu --with-sysroot=/ --with-jvm-root-dir=/usr/lib/jvm/gcj-jdk --enable-languages=c,c++,fortran,java,lto,objc,obj-c++,go,ada
Thread model: posix
gcc version 4.8.1 20130530 (prerelease) (GCC) 
configure:12049: $? = 0
configure:12038: gcc -V >&5
gcc: error: unrecognized command line option '-V'
gcc: fatal error: no input files
compilation terminated.
configure:12049: $? = 1
configure:12038: gcc -qversion >&5
gcc: error: unrecognized command line option '-qversion'
gcc: fatal error: no input files
compilation terminated.
configure:12049: $? = 1
configure:12053: checking whether we are using the GNU C compiler
configure:12081: result: yes
configure:12090: checking whether gcc accepts -g
configure:12151: result: yes
configure:12168: checking for gcc option to accept ISO C89
configure:12244: result: none needed
configure:12266: checking dependency style of gcc
configure:12377: result: gcc3
configure:12450: checking for g++
configure:12466: found /usr/bin/g++
configure:12477: result: g++
configure:12504: checking for C++ compiler version
configure:12513: g++ --version >&5
g++ (GCC) 4.8.1 20130530 (prerelease)
Copyright (C) 2013 Free Software Foundation, Inc.
This is free software; see the source for copying conditions.  There is NO
warranty; not even for MERCHANTABILITY or FITNESS FOR A PARTICULAR PURPOSE.

configure:12524: $? = 0
configure:12513: g++ -v >&5
Using built-in specs.
COLLECT_GCC=g++
COLLECT_LTO_WRAPPER=/usr/libexec/gcc/i686-linux-gnu/4.8.1/lto-wrapper
Target: i686-linux-gnu
Configured with: ./../configure --prefix=/usr --sysconfdir=/etc/ --mandir=/usr/share/man --localstatedir=/var --infodir=/usr/share/info --libdir=/usr/lib --host=i686-linux-gnu --build=i686-linux-gnu --with-ecj-jar=/usr/share/java/ecj-3.5.2.jar --enable-lto --enable-cloog-backend=isl --enable-java-home --with-system-zlib --target=i686-linux-gnu --with-sysroot=/ --with-jvm-root-dir=/usr/lib/jvm/gcj-jdk --enable-languages=c,c++,fortran,java,lto,objc,obj-c++,go,ada
Thread model: posix
gcc version 4.8.1 20130530 (prerelease) (GCC) 
configure:12524: $? = 0
configure:12513: g++ -V >&5
g++: error: unrecognized command line option '-V'
g++: fatal error: no input files
compilation terminated.
configure:12524: $? = 1
configure:12513: g++ -qversion >&5
g++: error: unrecognized command line option '-qversion'
g++: fatal error: no input files
compilation terminated.
configure:12524: $? = 1
configure:12528: checking whether we are using the GNU C++ compiler
configure:12547: g++ -c   conftest.cpp >&5
configure:12547: $? = 0
configure:12556: result: yes
configure:12565: checking whether g++ accepts -g
configure:12585: g++ -c -g  conftest.cpp >&5
configure:12585: $? = 0
configure:12626: result: yes
configure:12651: checking dependency style of g++
configure:12762: result: gcc3
configure:12795: checking how to run the C++ preprocessor
configure:12822: g++ -E  conftest.cpp
configure:12822: $? = 0
configure:12836: g++ -E  conftest.cpp
conftest.cpp:23:28: fatal error: ac_nonexistent.h: No such file or directory
 #include <ac_nonexistent.h>
                            ^
compilation terminated.
configure:12836: $? = 1
configure: failed program was:
| /* confdefs.h */
| #define PACKAGE_NAME "libva"
| #define PACKAGE_TARNAME "libva"
| #define PACKAGE_VERSION "1.1.1"
| #define PACKAGE_STRING "libva 1.1.1"
| #define PACKAGE_BUGREPORT "waldo.bastian@intel.com"
| #define PACKAGE_URL ""
| #define PACKAGE "libva"
| #define VERSION "1.1.1"
| #define STDC_HEADERS 1
| #define HAVE_SYS_TYPES_H 1
| #define HAVE_SYS_STAT_H 1
| #define HAVE_STDLIB_H 1
| #define HAVE_STRING_H 1
| #define HAVE_MEMORY_H 1
| #define HAVE_STRINGS_H 1
| #define HAVE_INTTYPES_H 1
| #define HAVE_STDINT_H 1
| #define HAVE_UNISTD_H 1
| #define HAVE_DLFCN_H 1
| #define LT_OBJDIR ".libs/"
| /* end confdefs.h.  */
| #include <ac_nonexistent.h>
configure:12861: result: g++ -E
configure:12881: g++ -E  conftest.cpp
configure:12881: $? = 0
configure:12895: g++ -E  conftest.cpp
conftest.cpp:23:28: fatal error: ac_nonexistent.h: No such file or directory
 #include <ac_nonexistent.h>
                            ^
compilation terminated.
configure:12895: $? = 1
configure: failed program was:
| /* confdefs.h */
| #define PACKAGE_NAME "libva"
| #define PACKAGE_TARNAME "libva"
| #define PACKAGE_VERSION "1.1.1"
| #define PACKAGE_STRING "libva 1.1.1"
| #define PACKAGE_BUGREPORT "waldo.bastian@intel.com"
| #define PACKAGE_URL ""
| #define PACKAGE "libva"
| #define VERSION "1.1.1"
| #define STDC_HEADERS 1
| #define HAVE_SYS_TYPES_H 1
| #define HAVE_SYS_STAT_H 1
| #define HAVE_STDLIB_H 1
| #define HAVE_STRING_H 1
| #define HAVE_MEMORY_H 1
| #define HAVE_STRINGS_H 1
| #define HAVE_INTTYPES_H 1
| #define HAVE_STDINT_H 1
| #define HAVE_UNISTD_H 1
| #define HAVE_DLFCN_H 1
| #define LT_OBJDIR ".libs/"
| /* end confdefs.h.  */
| #include <ac_nonexistent.h>
configure:13064: checking for ld used by g++
configure:13131: result: /usr/i686-linux-gnu/bin/ld
configure:13138: checking if the linker (/usr/i686-linux-gnu/bin/ld) is GNU ld
configure:13153: result: yes
configure:13208: checking whether the g++ linker (/usr/i686-linux-gnu/bin/ld) supports shared libraries
configure:14213: result: yes
configure:14249: g++ -c -g -O2  conftest.cpp >&5
configure:14252: $? = 0
configure:14772: checking for g++ option to produce PIC
configure:14779: result: -fPIC -DPIC
configure:14787: checking if g++ PIC flag -fPIC -DPIC works
configure:14805: g++ -c -g -O2  -fPIC -DPIC -DPIC conftest.cpp >&5
configure:14809: $? = 0
configure:14822: result: yes
configure:14845: checking if g++ static flag -static works
configure:14873: result: yes
configure:14885: checking if g++ supports -c -o file.o
configure:14906: g++ -c -g -O2  -o out/conftest2.o conftest.cpp >&5
configure:14910: $? = 0
configure:14932: result: yes
configure:14937: checking if g++ supports -c -o file.o
configure:14984: result: yes
configure:15014: checking whether the g++ linker (/usr/i686-linux-gnu/bin/ld) supports shared libraries
configure:15050: result: yes
configure:15191: checking dynamic linker characteristics
configure:15858: result: GNU/Linux ld.so
configure:15911: checking how to hardcode library paths into programs
configure:15936: result: immediate
configure:15977: checking whether gcc and cc understand -c and -o together
configure:16008: gcc -c conftest.c -o conftest2.o >&5
configure:16012: $? = 0
configure:16018: gcc -c conftest.c -o conftest2.o >&5
configure:16022: $? = 0
configure:16033: cc -c conftest.c >&5
configure:16037: $? = 0
configure:16045: cc -c conftest.c -o conftest2.o >&5
configure:16049: $? = 0
configure:16055: cc -c conftest.c -o conftest2.o >&5
configure:16059: $? = 0
configure:16077: result: yes
configure:16156: checking for pkg-config
configure:16174: found /usr/bin/pkg-config
configure:16186: result: /usr/bin/pkg-config
configure:16211: checking pkg-config is at least version 0.9.0
configure:16214: result: yes
configure:16223: checking for ANSI C header files
configure:16327: result: yes
configure:16342: checking for special C compiler options needed for large files
configure:16387: result: no
configure:16393: checking for _FILE_OFFSET_BITS value needed for large files
configure:16418: gcc -c -g -O2  conftest.c >&5
conftest.c:30:3: warning: left shift count >= width of type [enabled by default]
   int off_t_is_large[(LARGE_OFF_T % 2147483629 == 721
   ^
conftest.c:30:3: warning: left shift count >= width of type [enabled by default]
conftest.c:31:10: warning: left shift count >= width of type [enabled by default]
          && LARGE_OFF_T % 2147483647 == 1)
          ^
conftest.c:31:10: warning: left shift count >= width of type [enabled by default]
conftest.c:30:7: error: variably modified 'off_t_is_large' at file scope
   int off_t_is_large[(LARGE_OFF_T % 2147483629 == 721
       ^
configure:16418: $? = 1
configure: failed program was:
| /* confdefs.h */
| #define PACKAGE_NAME "libva"
| #define PACKAGE_TARNAME "libva"
| #define PACKAGE_VERSION "1.1.1"
| #define PACKAGE_STRING "libva 1.1.1"
| #define PACKAGE_BUGREPORT "waldo.bastian@intel.com"
| #define PACKAGE_URL ""
| #define PACKAGE "libva"
| #define VERSION "1.1.1"
| #define STDC_HEADERS 1
| #define HAVE_SYS_TYPES_H 1
| #define HAVE_SYS_STAT_H 1
| #define HAVE_STDLIB_H 1
| #define HAVE_STRING_H 1
| #define HAVE_MEMORY_H 1
| #define HAVE_STRINGS_H 1
| #define HAVE_INTTYPES_H 1
| #define HAVE_STDINT_H 1
| #define HAVE_UNISTD_H 1
| #define HAVE_DLFCN_H 1
| #define LT_OBJDIR ".libs/"
| #define STDC_HEADERS 1
| /* end confdefs.h.  */
| #include <sys/types.h>
|  /* Check that off_t can represent 2**63 - 1 correctly.
|     We can't simply define LARGE_OFF_T to be 9223372036854775807,
|     since some C++ compilers masquerading as C compilers
|     incorrectly reject 9223372036854775807.  */
| #define LARGE_OFF_T (((off_t) 1 << 62) - 1 + ((off_t) 1 << 62))
|   int off_t_is_large[(LARGE_OFF_T % 2147483629 == 721
| 		       && LARGE_OFF_T % 2147483647 == 1)
| 		      ? 1 : -1];
| int
| main ()
| {
| 
|   ;
|   return 0;
| }
configure:16442: gcc -c -g -O2  conftest.c >&5
configure:16442: $? = 0
configure:16450: result: 64
configure:16641: checking whether __attribute__((visibility())) is supported
configure:16661: result: yes
configure:16673: checking for DRM
configure:16680: $PKG_CONFIG --exists --print-errors "libdrm >= $LIBDRM_VERSION"
configure:16683: $? = 0
configure:16697: $PKG_CONFIG --exists --print-errors "libdrm >= $LIBDRM_VERSION"
configure:16700: $? = 0
configure:16758: result: yes
configure:16786: checking for X11
configure:16793: $PKG_CONFIG --exists --print-errors "x11"
configure:16796: $? = 0
configure:16810: $PKG_CONFIG --exists --print-errors "x11"
configure:16813: $? = 0
configure:16851: result: yes
configure:16857: checking for XEXT
configure:16864: $PKG_CONFIG --exists --print-errors "xext"
configure:16867: $? = 0
configure:16881: $PKG_CONFIG --exists --print-errors "xext"
configure:16884: $? = 0
configure:16922: result: yes
configure:16928: checking for XFIXES
configure:16935: $PKG_CONFIG --exists --print-errors "xfixes"
configure:16938: $? = 0
configure:16952: $PKG_CONFIG --exists --print-errors "xfixes"
configure:16955: $? = 0
configure:16993: result: yes
configure:17017: checking for GLX
configure:17024: $PKG_CONFIG --exists --print-errors "gl x11"
configure:17027: $? = 0
configure:17041: $PKG_CONFIG --exists --print-errors "gl x11"
configure:17044: $? = 0
configure:17082: result: yes
configure:17093: checking GL/gl.h usability
configure:17093: gcc -c -g -O2  -I/usr/X11R7/include -I/usr/include/libdrm   conftest.c >&5
configure:17093: $? = 0
configure:17093: result: yes
configure:17093: checking GL/gl.h presence
configure:17093: gcc -E  -I/usr/X11R7/include -I/usr/include/libdrm   conftest.c
configure:17093: $? = 0
configure:17093: result: yes
configure:17093: checking for GL/gl.h
configure:17093: result: yes
configure:17093: checking GL/glx.h usability
configure:17093: gcc -c -g -O2  -I/usr/X11R7/include -I/usr/include/libdrm   conftest.c >&5
configure:17093: $? = 0
configure:17093: result: yes
configure:17093: checking GL/glx.h presence
configure:17093: gcc -E  -I/usr/X11R7/include -I/usr/include/libdrm   conftest.c
configure:17093: $? = 0
configure:17093: result: yes
configure:17093: checking for GL/glx.h
configure:17093: result: yes
configure:17105: checking for glXCreateContext in -lGL
configure:17130: gcc -o conftest -g -O2  -I/usr/X11R7/include -I/usr/include/libdrm    conftest.c -lGL   -L/usr/X11R7/lib -lGL -lX11   >&5
configure:17130: $? = 0
configure:17139: result: yes
configure:17167: checking for EGL
configure:17174: $PKG_CONFIG --exists --print-errors "egl"
configure:17177: $? = 0
configure:17191: $PKG_CONFIG --exists --print-errors "egl"
configure:17194: $? = 0
configure:17232: result: yes
configure:17242: checking EGL/egl.h usability
configure:17242: gcc -c -g -O2  -I/usr/X11R7/include -I/usr/include/libdrm   conftest.c >&5
configure:17242: $? = 0
configure:17242: result: yes
configure:17242: checking EGL/egl.h presence
configure:17242: gcc -E  -I/usr/X11R7/include -I/usr/include/libdrm   conftest.c
configure:17242: $? = 0
configure:17242: result: yes
configure:17242: checking for EGL/egl.h
configure:17242: result: yes
configure:17254: checking for eglGetDisplay in -lEGL
configure:17279: gcc -o conftest -g -O2  -I/usr/X11R7/include -I/usr/include/libdrm    conftest.c -lEGL   -lEGL   >&5
configure:17279: $? = 0
configure:17288: result: yes
configure:17321: checking for WAYLAND
configure:17328: $PKG_CONFIG --exists --print-errors "wayland-client >= 1.0.0"
Package wayland-client was not found in the pkg-config search path.
Perhaps you should add the directory containing `wayland-client.pc'
to the PKG_CONFIG_PATH environment variable
No package 'wayland-client' found
configure:17331: $? = 1
configure:17345: $PKG_CONFIG --exists --print-errors "wayland-client >= 1.0.0"
Package wayland-client was not found in the pkg-config search path.
Perhaps you should add the directory containing `wayland-client.pc'
to the PKG_CONFIG_PATH environment variable
No package 'wayland-client' found
configure:17348: $? = 1
configure:17362: result: no
No package 'wayland-client' found
configure:17526: checking that generated files are newer than configure
configure:17532: result: done
configure:17591: creating ./config.status

## ---------------------- ##
## Running config.status. ##
## ---------------------- ##

This file was extended by libva config.status 1.1.1, which was
generated by GNU Autoconf 2.69.  Invocation command line was

  CONFIG_FILES    = 
  CONFIG_HEADERS  = 
  CONFIG_LINKS    = 
  CONFIG_COMMANDS = 
  $ ./config.status 

on ns2

config.status:1238: creating Makefile
config.status:1238: creating debian.upstream/Makefile
config.status:1238: creating debian.upstream/changelog
config.status:1238: creating debian.upstream/control
config.status:1238: creating debian.upstream/libva1.install
config.status:1238: creating debian.upstream/libva-drm1.install
config.status:1238: creating debian.upstream/libva-egl1.install
config.status:1238: creating debian.upstream/libva-glx1.install
config.status:1238: creating debian.upstream/libva-wayland1.install
config.status:1238: creating debian.upstream/libva-x11-1.install
config.status:1238: creating doc/Makefile
config.status:1238: creating dummy_drv_video/Makefile
config.status:1238: creating pkgconfig/Makefile
config.status:1238: creating pkgconfig/libva-drm.pc
config.status:1238: creating pkgconfig/libva-egl.pc
config.status:1238: creating pkgconfig/libva-glx.pc
config.status:1238: creating pkgconfig/libva-tpi.pc
config.status:1238: creating pkgconfig/libva-wayland.pc
config.status:1238: creating pkgconfig/libva-x11.pc
config.status:1238: creating pkgconfig/libva.pc
config.status:1238: creating test/Makefile
config.status:1238: creating test/basic/Makefile
config.status:1238: creating test/common/Makefile
config.status:1238: creating test/decode/Makefile
config.status:1238: creating test/encode/Makefile
config.status:1238: creating test/putsurface/Makefile
config.status:1238: creating test/v4l_h264/Makefile
config.status:1238: creating test/v4l_h264/decode/Makefile
config.status:1238: creating test/v4l_h264/encode/Makefile
config.status:1238: creating test/vainfo/Makefile
config.status:1238: creating va/Makefile
config.status:1238: creating va/drm/Makefile
config.status:1238: creating va/egl/Makefile
config.status:1238: creating va/glx/Makefile
config.status:1238: creating va/va_version.h
config.status:1238: creating va/wayland/Makefile
config.status:1238: creating va/wayland/protocol/Makefile
config.status:1238: creating va/x11/Makefile
config.status:1238: creating config.h
config.status:1467: executing depfiles commands
config.status:1467: executing libtool commands

## ---------------- ##
## Cache variables. ##
## ---------------- ##

ac_cv_build=i686-pc-linux-gnu
ac_cv_c_compiler_gnu=yes
ac_cv_cxx_compiler_gnu=yes
ac_cv_env_CCC_set=
ac_cv_env_CCC_value=
ac_cv_env_CC_set=
ac_cv_env_CC_value=
ac_cv_env_CFLAGS_set=
ac_cv_env_CFLAGS_value=
ac_cv_env_CPPFLAGS_set=
ac_cv_env_CPPFLAGS_value=
ac_cv_env_CPP_set=
ac_cv_env_CPP_value=
ac_cv_env_CXXCPP_set=
ac_cv_env_CXXCPP_value=
ac_cv_env_CXXFLAGS_set=
ac_cv_env_CXXFLAGS_value=
ac_cv_env_CXX_set=
ac_cv_env_CXX_value=
ac_cv_env_DRM_CFLAGS_set=
ac_cv_env_DRM_CFLAGS_value=
ac_cv_env_DRM_LIBS_set=
ac_cv_env_DRM_LIBS_value=
ac_cv_env_EGL_CFLAGS_set=
ac_cv_env_EGL_CFLAGS_value=
ac_cv_env_EGL_LIBS_set=
ac_cv_env_EGL_LIBS_value=
ac_cv_env_GLX_CFLAGS_set=
ac_cv_env_GLX_CFLAGS_value=
ac_cv_env_GLX_LIBS_set=
ac_cv_env_GLX_LIBS_value=
ac_cv_env_LDFLAGS_set=
ac_cv_env_LDFLAGS_value=
ac_cv_env_LIBS_set=
ac_cv_env_LIBS_value=
ac_cv_env_PKG_CONFIG_LIBDIR_set=
ac_cv_env_PKG_CONFIG_LIBDIR_value=
ac_cv_env_PKG_CONFIG_PATH_set=set
ac_cv_env_PKG_CONFIG_PATH_value=:/usr/X11R7/lib/pkgconfig/
ac_cv_env_PKG_CONFIG_set=
ac_cv_env_PKG_CONFIG_value=
ac_cv_env_WAYLAND_CFLAGS_set=
ac_cv_env_WAYLAND_CFLAGS_value=
ac_cv_env_WAYLAND_LIBS_set=
ac_cv_env_WAYLAND_LIBS_value=
ac_cv_env_X11_CFLAGS_set=
ac_cv_env_X11_CFLAGS_value=
ac_cv_env_X11_LIBS_set=
ac_cv_env_X11_LIBS_value=
ac_cv_env_XEXT_CFLAGS_set=
ac_cv_env_XEXT_CFLAGS_value=
ac_cv_env_XEXT_LIBS_set=
ac_cv_env_XEXT_LIBS_value=
ac_cv_env_XFIXES_CFLAGS_set=
ac_cv_env_XFIXES_CFLAGS_value=
ac_cv_env_XFIXES_LIBS_set=
ac_cv_env_XFIXES_LIBS_value=
ac_cv_env_build_alias_set=
ac_cv_env_build_alias_value=
ac_cv_env_host_alias_set=
ac_cv_env_host_alias_value=
ac_cv_env_target_alias_set=
ac_cv_env_target_alias_value=
ac_cv_have_gnuc_visibility_attribute=yes
ac_cv_header_EGL_egl_h=yes
ac_cv_header_GL_gl_h=yes
ac_cv_header_GL_glx_h=yes
ac_cv_header_dlfcn_h=yes
ac_cv_header_inttypes_h=yes
ac_cv_header_memory_h=yes
ac_cv_header_stdc=yes
ac_cv_header_stdint_h=yes
ac_cv_header_stdlib_h=yes
ac_cv_header_string_h=yes
ac_cv_header_strings_h=yes
ac_cv_header_sys_stat_h=yes
ac_cv_header_sys_types_h=yes
ac_cv_header_unistd_h=yes
ac_cv_host=i686-pc-linux-gnu
ac_cv_lib_EGL_eglGetDisplay=yes
ac_cv_lib_GL_glXCreateContext=yes
ac_cv_objext=o
ac_cv_path_EGREP='/usr/bin/grep -E'
ac_cv_path_FGREP='/usr/bin/grep -F'
ac_cv_path_GREP=/usr/bin/grep
ac_cv_path_SED=/usr/bin/sed
ac_cv_path_ac_pt_PKG_CONFIG=/usr/bin/pkg-config
ac_cv_path_install='/usr/bin/ginstall -c'
ac_cv_path_mkdir=/usr/bin/mkdir
ac_cv_prog_AWK=gawk
ac_cv_prog_CPP='gcc -E'
ac_cv_prog_CXXCPP='g++ -E'
ac_cv_prog_ac_ct_AR=ar
ac_cv_prog_ac_ct_CC=gcc
ac_cv_prog_ac_ct_CXX=g++
ac_cv_prog_ac_ct_MANIFEST_TOOL=mt
ac_cv_prog_ac_ct_OBJDUMP=objdump
ac_cv_prog_ac_ct_RANLIB=ranlib
ac_cv_prog_ac_ct_STRIP=strip
ac_cv_prog_cc_c89=
ac_cv_prog_cc_g=yes
ac_cv_prog_cc_gcc_c_o=yes
ac_cv_prog_cxx_g=yes
ac_cv_prog_make_make_set=yes
ac_cv_sys_file_offset_bits=64
ac_cv_sys_largefile_CC=no
am_cv_CC_dependencies_compiler_type=gcc3
am_cv_CXX_dependencies_compiler_type=gcc3
am_cv_make_support_nested_variables=yes
lt_cv_ar_at_file=@
lt_cv_archive_cmds_need_lc=no
lt_cv_deplibs_check_method=pass_all
lt_cv_file_magic_cmd='$MAGIC_CMD'
lt_cv_file_magic_test_file=
lt_cv_ld_reload_flag=-r
lt_cv_nm_interface='BSD nm'
lt_cv_objdir=.libs
lt_cv_path_LD=/usr/i686-linux-gnu/bin/ld
lt_cv_path_LDCXX=/usr/i686-linux-gnu/bin/ld
lt_cv_path_NM='/usr/bin/nm -B'
lt_cv_path_mainfest_tool=no
lt_cv_prog_compiler_c_o=yes
lt_cv_prog_compiler_c_o_CXX=yes
lt_cv_prog_compiler_pic='-fPIC -DPIC'
lt_cv_prog_compiler_pic_CXX='-fPIC -DPIC'
lt_cv_prog_compiler_pic_works=yes
lt_cv_prog_compiler_pic_works_CXX=yes
lt_cv_prog_compiler_rtti_exceptions=no
lt_cv_prog_compiler_static_works=yes
lt_cv_prog_compiler_static_works_CXX=yes
lt_cv_prog_gnu_ld=yes
lt_cv_prog_gnu_ldcxx=yes
lt_cv_sharedlib_from_linklib_cmd='printf %s\n'
lt_cv_shlibpath_overrides_runpath=no
lt_cv_sys_global_symbol_pipe='sed -n -e '\''s/^.*[	 ]\([ABCDGIRSTW][ABCDGIRSTW]*\)[	 ][	 ]*\([_A-Za-z][_A-Za-z0-9]*\)$/\1 \2 \2/p'\'' | sed '\''/ __gnu_lto/d'\'''
lt_cv_sys_global_symbol_to_c_name_address='sed -n -e '\''s/^: \([^ ]*\)[ ]*$/  {\"\1\", (void *) 0},/p'\'' -e '\''s/^[ABCDGIRSTW]* \([^ ]*\) \([^ ]*\)$/  {"\2", (void *) \&\2},/p'\'''
lt_cv_sys_global_symbol_to_c_name_address_lib_prefix='sed -n -e '\''s/^: \([^ ]*\)[ ]*$/  {\"\1\", (void *) 0},/p'\'' -e '\''s/^[ABCDGIRSTW]* \([^ ]*\) \(lib[^ ]*\)$/  {"\2", (void *) \&\2},/p'\'' -e '\''s/^[ABCDGIRSTW]* \([^ ]*\) \([^ ]*\)$/  {"lib\2", (void *) \&\2},/p'\'''
lt_cv_sys_global_symbol_to_cdecl='sed -n -e '\''s/^T .* \(.*\)$/extern int \1();/p'\'' -e '\''s/^[ABCDGIRSTW]* .* \(.*\)$/extern char \1;/p'\'''
lt_cv_sys_max_cmd_len=1572864
lt_cv_to_host_file_cmd=func_convert_file_noop
lt_cv_to_tool_file_cmd=func_convert_file_noop
pkg_cv_DRM_CFLAGS='-I/usr/include/libdrm  '
pkg_cv_DRM_LIBS='-ldrm  '
pkg_cv_EGL_CFLAGS='-I/usr/X11R7/include -I/usr/include/libdrm  '
pkg_cv_EGL_LIBS='-lEGL  '
pkg_cv_GLX_CFLAGS='-I/usr/X11R7/include -I/usr/include/libdrm  '
pkg_cv_GLX_LIBS='-L/usr/X11R7/lib -lGL -lX11  '
pkg_cv_X11_CFLAGS='-I/usr/X11R7/include  '
pkg_cv_X11_LIBS='-L/usr/X11R7/lib -lX11  '
pkg_cv_XEXT_CFLAGS='-I/usr/X11R7/include  '
pkg_cv_XEXT_LIBS='-L/usr/X11R7/lib -lXext  '
pkg_cv_XFIXES_CFLAGS='-I/usr/X11R7/include  '
pkg_cv_XFIXES_LIBS='-L/usr/X11R7/lib -lXfixes  '

## ----------------- ##
## Output variables. ##
## ----------------- ##

ACLOCAL='${SHELL} /usr/src/libva/libva/missing aclocal-1.13'
AMDEPBACKSLASH='\'
AMDEP_FALSE='#'
AMDEP_TRUE=''
AMTAR='$${TAR-tar}'
AM_BACKSLASH='\'
AM_DEFAULT_V='$(AM_DEFAULT_VERBOSITY)'
AM_DEFAULT_VERBOSITY='0'
AM_V='$(V)'
AR='ar'
AUTOCONF='${SHELL} /usr/src/libva/libva/missing autoconf'
AUTOHEADER='${SHELL} /usr/src/libva/libva/missing autoheader'
AUTOMAKE='${SHELL} /usr/src/libva/libva/missing automake-1.13'
AWK='gawk'
BUILD_DUMMY_DRIVER_FALSE='#'
BUILD_DUMMY_DRIVER_TRUE=''
CC='gcc'
CCDEPMODE='depmode=gcc3'
CFLAGS='-g -O2'
CPP='gcc -E'
CPPFLAGS=''
CXX='g++'
CXXCPP='g++ -E'
CXXDEPMODE='depmode=gcc3'
CXXFLAGS='-g -O2'
CYGPATH_W='echo'
DEFS='-DHAVE_CONFIG_H'
DEPDIR='.deps'
DLLTOOL='false'
DOXYGEN=''
DRM_CFLAGS='-I/usr/include/libdrm  '
DRM_LIBS='-ldrm  '
DSYMUTIL=''
DUMPBIN=''
ECHO_C=''
ECHO_N='-n'
ECHO_T=''
EGL_CFLAGS='-I/usr/X11R7/include -I/usr/include/libdrm  '
EGL_LIBS='-lEGL  '
EGREP='/usr/bin/grep -E'
ENABLE_DOCS_FALSE=''
ENABLE_DOCS_TRUE='#'
EXEEXT=''
FGREP='/usr/bin/grep -F'
GLX_CFLAGS='-I/usr/X11R7/include -I/usr/include/libdrm  '
GLX_LIBS='-L/usr/X11R7/lib -lGL -lX11  '
GREP='/usr/bin/grep'
INSTALL_DATA='${INSTALL} -m 644'
INSTALL_PROGRAM='${INSTALL}'
INSTALL_SCRIPT='${INSTALL}'
INSTALL_STRIP_PROGRAM='$(install_sh) -c -s'
LD='/usr/i686-linux-gnu/bin/ld'
LDFLAGS=''
LIBDRM_VERSION='2.4'
LIBOBJS=''
LIBS=''
LIBTOOL='$(SHELL) $(top_builddir)/libtool'
LIBVA_DRIVERS_PATH='${exec_prefix}/lib/dri'
LIBVA_LT_LDFLAGS='-version-info 3301:0:3300'
LIBVA_LT_VERSION='3301:0:3300'
LIBVA_MAJOR_VERSION='1'
LIBVA_MICRO_VERSION='1'
LIBVA_MINOR_VERSION='1'
LIBVA_VERSION='1.1.1'
LIPO=''
LN_S='ln -s'
LTLIBOBJS=''
MAKEINFO='${SHELL} /usr/src/libva/libva/missing makeinfo'
MANIFEST_TOOL=':'
MKDIR_P='/usr/bin/mkdir -p'
NM='/usr/bin/nm -B'
NMEDIT=''
OBJDUMP='objdump'
OBJEXT='o'
OTOOL64=''
OTOOL=''
PACKAGE='libva'
PACKAGE_BUGREPORT='waldo.bastian@intel.com'
PACKAGE_NAME='libva'
PACKAGE_STRING='libva 1.1.1'
PACKAGE_TARNAME='libva'
PACKAGE_URL=''
PACKAGE_VERSION='1.1.1'
PATH_SEPARATOR=':'
PKG_CONFIG='/usr/bin/pkg-config'
PKG_CONFIG_LIBDIR=''
PKG_CONFIG_PATH=':/usr/X11R7/lib/pkgconfig/'
RANLIB='ranlib'
SED='/usr/bin/sed'
SET_MAKE=''
SHELL='/bin/sh'
STRIP='strip'
TODAY='Fri, 14 Jun 2013 13:43:02 +0200'
USE_DRM_FALSE='#'
USE_DRM_TRUE=''
USE_EGL_FALSE='#'
USE_EGL_TRUE=''
USE_GLX_FALSE='#'
USE_GLX_TRUE=''
USE_WAYLAND_FALSE=''
USE_WAYLAND_TRUE='#'
USE_X11_FALSE='#'
USE_X11_TRUE=''
VA_API_MAJOR_VERSION='0'
VA_API_MICRO_VERSION='0'
VA_API_MINOR_VERSION='33'
VA_API_VERSION='0.33.0'
VERSION='1.1.1'
WAYLAND_API_VERSION='1.0.0'
WAYLAND_CFLAGS=''
WAYLAND_LIBS=''
X11_CFLAGS='-I/usr/X11R7/include  '
X11_LIBS='-L/usr/X11R7/lib -lX11  '
XEXT_CFLAGS='-I/usr/X11R7/include  '
XEXT_LIBS='-L/usr/X11R7/lib -lXext  '
XFIXES_CFLAGS='-I/usr/X11R7/include  '
XFIXES_LIBS='-L/usr/X11R7/lib -lXfixes  '
ac_ct_AR='ar'
ac_ct_CC='gcc'
ac_ct_CXX='g++'
ac_ct_DUMPBIN=''
am__EXEEXT_FALSE=''
am__EXEEXT_TRUE='#'
am__fastdepCC_FALSE='#'
am__fastdepCC_TRUE=''
am__fastdepCXX_FALSE='#'
am__fastdepCXX_TRUE=''
am__include='include'
am__isrc=''
am__leading_dot='.'
am__nodep='_no'
am__quote=''
am__tar='$${TAR-tar} chof - "$$tardir"'
am__untar='$${TAR-tar} xf -'
bindir='${exec_prefix}/bin'
build='i686-pc-linux-gnu'
build_alias=''
build_cpu='i686'
build_os='linux-gnu'
build_vendor='pc'
datadir='${datarootdir}'
datarootdir='${prefix}/share'
docdir='${datarootdir}/doc/${PACKAGE_TARNAME}'
dvidir='${docdir}'
exec_prefix='${prefix}'
host='i686-pc-linux-gnu'
host_alias=''
host_cpu='i686'
host_os='linux-gnu'
host_vendor='pc'
htmldir='${docdir}'
includedir='${prefix}/include'
infodir='${datarootdir}/info'
install_sh='${SHELL} /usr/src/libva/libva/install-sh'
libdir='${exec_prefix}/lib'
libexecdir='${exec_prefix}/libexec'
localedir='${datarootdir}/locale'
localstatedir='${prefix}/var'
mandir='${datarootdir}/man'
mkdir_p='$(MKDIR_P)'
oldincludedir='/usr/include'
pdfdir='${docdir}'
pkgconfigdir='${exec_prefix}/lib/pkgconfig'
prefix='/usr/local'
program_transform_name='s,x,x,'
psdir='${docdir}'
sbindir='${exec_prefix}/sbin'
sharedstatedir='${prefix}/com'
sysconfdir='${prefix}/etc'
target_alias=''
wayland_scanner_rules=''

## ----------- ##
## confdefs.h. ##
## ----------- ##

/* confdefs.h */
#define PACKAGE_NAME "libva"
#define PACKAGE_TARNAME "libva"
#define PACKAGE_VERSION "1.1.1"
#define PACKAGE_STRING "libva 1.1.1"
#define PACKAGE_BUGREPORT "waldo.bastian@intel.com"
#define PACKAGE_URL ""
#define PACKAGE "libva"
#define VERSION "1.1.1"
#define STDC_HEADERS 1
#define HAVE_SYS_TYPES_H 1
#define HAVE_SYS_STAT_H 1
#define HAVE_STDLIB_H 1
#define HAVE_STRING_H 1
#define HAVE_MEMORY_H 1
#define HAVE_STRINGS_H 1
#define HAVE_INTTYPES_H 1
#define HAVE_STDINT_H 1
#define HAVE_UNISTD_H 1
#define HAVE_DLFCN_H 1
#define LT_OBJDIR ".libs/"
#define STDC_HEADERS 1
#define _FILE_OFFSET_BITS 64
#define HAVE_GNUC_VISIBILITY_ATTRIBUTE 1
#define HAVE_VA_DRM 1
#define HAVE_VA_X11 1
#define HAVE_GL_GL_H 1
#define HAVE_GL_GLX_H 1
#define HAVE_VA_GLX 1
#define HAVE_EGL_EGL_H 1
#define HAVE_VA_EGL 1

configure: exit 0
